{
  "stats": {
    "suites": 8,
    "tests": 45,
    "passes": 4,
    "pending": 0,
    "failures": 41,
    "start": "2020-05-22T15:31:22.943Z",
    "end": "2020-05-22T15:31:22.978Z",
    "duration": 35,
    "testsRegistered": 45,
    "passPercent": 8.88888888888889,
    "pendingPercent": 0,
    "other": 0,
    "hasOther": false,
    "skipped": 0,
    "hasSkipped": false
  },
  "results": [
    {
      "uuid": "c2716d57-ad4c-459f-8935-0f9817084c76",
      "title": "",
      "fullFile": "",
      "file": "",
      "beforeHooks": [],
      "afterHooks": [],
      "tests": [],
      "suites": [
        {
          "uuid": "c593964c-cccc-4b21-9258-a59690b56946",
          "title": "evolutionOf(pokeData, name) -> returns all evolutions of a pokemon, given it's name: ",
          "fullFile": "/Users/master/evan-drive/0-teach-code/h-h-y-f/0--class-7-8/06-web-apps/01-exercises/wk-4-poke/pokedex-api-update/logic/evolutions-of/spec.js",
          "file": "/logic/evolutions-of/spec.js",
          "beforeHooks": [],
          "afterHooks": [],
          "tests": [
            {
              "title": "evolutionsOf: data/samples/1.json, \"Squirtle\"",
              "fullTitle": "evolutionOf(pokeData, name) -> returns all evolutions of a pokemon, given it's name:  evolutionsOf: data/samples/1.json, \"Squirtle\"",
              "timedOut": false,
              "duration": 3,
              "state": "failed",
              "speed": null,
              "pass": false,
              "fail": true,
              "pending": false,
              "context": null,
              "code": "assert.deepStrictEqual(evolutionOf(...test.args), test.expected);",
              "err": {
                "message": "AssertionError: Expected values to be strictly deep-equal:\n+ actual - expected\n\n+ undefined\n- [\n-   {\n-     name: 'Squirtle',\n-     num: '007'\n-   },\n-   {\n-     name: 'Wartortle',\n-     num: '008'\n-   },\n-   {\n-     name: 'Blastoise',\n-     num: '009'\n-   }\n- ]",
                "estack": "AssertionError [ERR_ASSERTION]: Expected values to be strictly deep-equal:\n+ actual - expected\n\n+ undefined\n- [\n-   {\n-     name: 'Squirtle',\n-     num: '007'\n-   },\n-   {\n-     name: 'Wartortle',\n-     num: '008'\n-   },\n-   {\n-     name: 'Blastoise',\n-     num: '009'\n-   }\n- ]\n    at Context.<anonymous> (logic/evolutions-of/spec.js:54:14)\n    at processImmediate (internal/timers.js:439:21)",
                "diff": null
              },
              "uuid": "c39a5385-e774-4d55-bd24-a87537d2f301",
              "parentUUID": "c593964c-cccc-4b21-9258-a59690b56946",
              "isHook": false,
              "skipped": false
            },
            {
              "title": "evolutionsOf: data/samples/1.json, \"Wartortle\"",
              "fullTitle": "evolutionOf(pokeData, name) -> returns all evolutions of a pokemon, given it's name:  evolutionsOf: data/samples/1.json, \"Wartortle\"",
              "timedOut": false,
              "duration": 0,
              "state": "failed",
              "speed": null,
              "pass": false,
              "fail": true,
              "pending": false,
              "context": null,
              "code": "assert.deepStrictEqual(evolutionOf(...test.args), test.expected);",
              "err": {
                "message": "AssertionError: Expected values to be strictly deep-equal:\n+ actual - expected\n\n+ undefined\n- [\n-   {\n-     name: 'Squirtle',\n-     num: '007'\n-   },\n-   {\n-     name: 'Wartortle',\n-     num: '008'\n-   },\n-   {\n-     name: 'Blastoise',\n-     num: '009'\n-   }\n- ]",
                "estack": "AssertionError [ERR_ASSERTION]: Expected values to be strictly deep-equal:\n+ actual - expected\n\n+ undefined\n- [\n-   {\n-     name: 'Squirtle',\n-     num: '007'\n-   },\n-   {\n-     name: 'Wartortle',\n-     num: '008'\n-   },\n-   {\n-     name: 'Blastoise',\n-     num: '009'\n-   }\n- ]\n    at Context.<anonymous> (logic/evolutions-of/spec.js:54:14)\n    at processImmediate (internal/timers.js:439:21)",
                "diff": null
              },
              "uuid": "ce9c190d-219a-4586-b0f7-cd2c51287a33",
              "parentUUID": "c593964c-cccc-4b21-9258-a59690b56946",
              "isHook": false,
              "skipped": false
            },
            {
              "title": "evolutionsOf: data/samples/1.json, \"Blastoise\"",
              "fullTitle": "evolutionOf(pokeData, name) -> returns all evolutions of a pokemon, given it's name:  evolutionsOf: data/samples/1.json, \"Blastoise\"",
              "timedOut": false,
              "duration": 0,
              "state": "failed",
              "speed": null,
              "pass": false,
              "fail": true,
              "pending": false,
              "context": null,
              "code": "assert.deepStrictEqual(evolutionOf(...test.args), test.expected);",
              "err": {
                "message": "AssertionError: Expected values to be strictly deep-equal:\n+ actual - expected\n\n+ undefined\n- [\n-   {\n-     name: 'Squirtle',\n-     num: '007'\n-   },\n-   {\n-     name: 'Wartortle',\n-     num: '008'\n-   },\n-   {\n-     name: 'Blastoise',\n-     num: '009'\n-   }\n- ]",
                "estack": "AssertionError [ERR_ASSERTION]: Expected values to be strictly deep-equal:\n+ actual - expected\n\n+ undefined\n- [\n-   {\n-     name: 'Squirtle',\n-     num: '007'\n-   },\n-   {\n-     name: 'Wartortle',\n-     num: '008'\n-   },\n-   {\n-     name: 'Blastoise',\n-     num: '009'\n-   }\n- ]\n    at Context.<anonymous> (logic/evolutions-of/spec.js:54:14)\n    at processImmediate (internal/timers.js:439:21)",
                "diff": null
              },
              "uuid": "bbd74052-9ab9-4012-ae76-1439014791f9",
              "parentUUID": "c593964c-cccc-4b21-9258-a59690b56946",
              "isHook": false,
              "skipped": false
            },
            {
              "title": "evolutionsOf: data/samples/5.json, \"Mew\"",
              "fullTitle": "evolutionOf(pokeData, name) -> returns all evolutions of a pokemon, given it's name:  evolutionsOf: data/samples/5.json, \"Mew\"",
              "timedOut": false,
              "duration": 0,
              "state": "failed",
              "speed": null,
              "pass": false,
              "fail": true,
              "pending": false,
              "context": null,
              "code": "assert.deepStrictEqual(evolutionOf(...test.args), test.expected);",
              "err": {
                "message": "AssertionError: Expected values to be strictly deep-equal:\n+ actual - expected\n\n+ undefined\n- [\n-   {\n-     name: 'Mew',\n-     num: '151'\n-   }\n- ]",
                "estack": "AssertionError [ERR_ASSERTION]: Expected values to be strictly deep-equal:\n+ actual - expected\n\n+ undefined\n- [\n-   {\n-     name: 'Mew',\n-     num: '151'\n-   }\n- ]\n    at Context.<anonymous> (logic/evolutions-of/spec.js:54:14)\n    at processImmediate (internal/timers.js:439:21)",
                "diff": null
              },
              "uuid": "a8b87994-ce0d-4939-bb70-331d7dace53f",
              "parentUUID": "c593964c-cccc-4b21-9258-a59690b56946",
              "isHook": false,
              "skipped": false
            },
            {
              "title": "evolutionsOf: data/samples/3.json, \"DoesNotExist\"",
              "fullTitle": "evolutionOf(pokeData, name) -> returns all evolutions of a pokemon, given it's name:  evolutionsOf: data/samples/3.json, \"DoesNotExist\"",
              "timedOut": false,
              "duration": 0,
              "state": "failed",
              "speed": null,
              "pass": false,
              "fail": true,
              "pending": false,
              "context": null,
              "code": "assert.deepStrictEqual(evolutionOf(...test.args), test.expected);",
              "err": {
                "message": "AssertionError: Expected values to be strictly deep-equal:\n+ actual - expected\n\n+ undefined\n- null",
                "estack": "AssertionError [ERR_ASSERTION]: Expected values to be strictly deep-equal:\n+ actual - expected\n\n+ undefined\n- null\n    at Context.<anonymous> (logic/evolutions-of/spec.js:54:14)\n    at processImmediate (internal/timers.js:439:21)",
                "diff": null
              },
              "uuid": "f1b4a730-3518-4374-b877-b3334e094859",
              "parentUUID": "c593964c-cccc-4b21-9258-a59690b56946",
              "isHook": false,
              "skipped": false
            }
          ],
          "suites": [],
          "passes": [],
          "failures": [
            "c39a5385-e774-4d55-bd24-a87537d2f301",
            "ce9c190d-219a-4586-b0f7-cd2c51287a33",
            "bbd74052-9ab9-4012-ae76-1439014791f9",
            "a8b87994-ce0d-4939-bb70-331d7dace53f",
            "f1b4a730-3518-4374-b877-b3334e094859"
          ],
          "pending": [],
          "skipped": [],
          "duration": 3,
          "root": false,
          "rootEmpty": false,
          "_timeout": 2000
        },
        {
          "uuid": "7fb49cfe-c15f-40ae-bada-b5c013ac0447",
          "title": "id(pokeData, id) -> returns the pokemon object with the given id, or an empty object: ",
          "fullFile": "/Users/master/evan-drive/0-teach-code/h-h-y-f/0--class-7-8/06-web-apps/01-exercises/wk-4-poke/pokedex-api-update/logic/find-by/id/spec.js",
          "file": "/logic/find-by/id/spec.js",
          "beforeHooks": [],
          "afterHooks": [],
          "tests": [
            {
              "title": "id: data/samples/1.json, 13",
              "fullTitle": "id(pokeData, id) -> returns the pokemon object with the given id, or an empty object:  id: data/samples/1.json, 13",
              "timedOut": false,
              "duration": 0,
              "state": "passed",
              "speed": "fast",
              "pass": true,
              "fail": false,
              "pending": false,
              "context": null,
              "code": "assert.deepStrictEqual(findById(...test.args), test.expected);",
              "err": {},
              "uuid": "afdd8642-ce39-49ec-b3ac-a8b4bdd99ccc",
              "parentUUID": "7fb49cfe-c15f-40ae-bada-b5c013ac0447",
              "isHook": false,
              "skipped": false
            },
            {
              "title": "id: data/samples/1.json, 16",
              "fullTitle": "id(pokeData, id) -> returns the pokemon object with the given id, or an empty object:  id: data/samples/1.json, 16",
              "timedOut": false,
              "duration": 0,
              "state": "failed",
              "speed": null,
              "pass": false,
              "fail": true,
              "pending": false,
              "context": null,
              "code": "assert.deepStrictEqual(findById(...test.args), test.expected);",
              "err": {
                "message": "AssertionError: Expected values to be strictly deep-equal:\n+ actual - expected\n\n+ undefined\n- null",
                "estack": "AssertionError [ERR_ASSERTION]: Expected values to be strictly deep-equal:\n+ actual - expected\n\n+ undefined\n- null\n    at Context.<anonymous> (logic/find-by/id/spec.js:168:14)\n    at processImmediate (internal/timers.js:439:21)",
                "diff": null
              },
              "uuid": "b79c0ad4-02d2-4a1c-a548-563d0f9d1d86",
              "parentUUID": "7fb49cfe-c15f-40ae-bada-b5c013ac0447",
              "isHook": false,
              "skipped": false
            },
            {
              "title": "id: data/samples/2.json, 46",
              "fullTitle": "id(pokeData, id) -> returns the pokemon object with the given id, or an empty object:  id: data/samples/2.json, 46",
              "timedOut": false,
              "duration": 0,
              "state": "passed",
              "speed": "fast",
              "pass": true,
              "fail": false,
              "pending": false,
              "context": null,
              "code": "assert.deepStrictEqual(findById(...test.args), test.expected);",
              "err": {},
              "uuid": "0c865761-42aa-45af-b65c-ca647436d9b6",
              "parentUUID": "7fb49cfe-c15f-40ae-bada-b5c013ac0447",
              "isHook": false,
              "skipped": false
            },
            {
              "title": "id: data/samples/2.json, 42",
              "fullTitle": "id(pokeData, id) -> returns the pokemon object with the given id, or an empty object:  id: data/samples/2.json, 42",
              "timedOut": false,
              "duration": 0,
              "state": "failed",
              "speed": null,
              "pass": false,
              "fail": true,
              "pending": false,
              "context": null,
              "code": "assert.deepStrictEqual(findById(...test.args), test.expected);",
              "err": {
                "message": "AssertionError: Expected values to be strictly deep-equal:\n+ actual - expected\n\n+ undefined\n- null",
                "estack": "AssertionError [ERR_ASSERTION]: Expected values to be strictly deep-equal:\n+ actual - expected\n\n+ undefined\n- null\n    at Context.<anonymous> (logic/find-by/id/spec.js:168:14)\n    at processImmediate (internal/timers.js:439:21)",
                "diff": null
              },
              "uuid": "aeb853d8-f1c8-4e60-ac2e-21bf563ae589",
              "parentUUID": "7fb49cfe-c15f-40ae-bada-b5c013ac0447",
              "isHook": false,
              "skipped": false
            },
            {
              "title": "id: data/samples/3.json, 84",
              "fullTitle": "id(pokeData, id) -> returns the pokemon object with the given id, or an empty object:  id: data/samples/3.json, 84",
              "timedOut": false,
              "duration": 0,
              "state": "passed",
              "speed": "fast",
              "pass": true,
              "fail": false,
              "pending": false,
              "context": null,
              "code": "assert.deepStrictEqual(findById(...test.args), test.expected);",
              "err": {},
              "uuid": "ff765343-fde2-405b-895f-5efaa95c018b",
              "parentUUID": "7fb49cfe-c15f-40ae-bada-b5c013ac0447",
              "isHook": false,
              "skipped": false
            },
            {
              "title": "id: data/samples/3.json, 85",
              "fullTitle": "id(pokeData, id) -> returns the pokemon object with the given id, or an empty object:  id: data/samples/3.json, 85",
              "timedOut": false,
              "duration": 0,
              "state": "passed",
              "speed": "fast",
              "pass": true,
              "fail": false,
              "pending": false,
              "context": null,
              "code": "assert.deepStrictEqual(findById(...test.args), test.expected);",
              "err": {},
              "uuid": "e35c6a49-dbd7-4f38-9b80-9ce2c450ebd4",
              "parentUUID": "7fb49cfe-c15f-40ae-bada-b5c013ac0447",
              "isHook": false,
              "skipped": false
            }
          ],
          "suites": [],
          "passes": [
            "afdd8642-ce39-49ec-b3ac-a8b4bdd99ccc",
            "0c865761-42aa-45af-b65c-ca647436d9b6",
            "ff765343-fde2-405b-895f-5efaa95c018b",
            "e35c6a49-dbd7-4f38-9b80-9ce2c450ebd4"
          ],
          "failures": [
            "b79c0ad4-02d2-4a1c-a548-563d0f9d1d86",
            "aeb853d8-f1c8-4e60-ac2e-21bf563ae589"
          ],
          "pending": [],
          "skipped": [],
          "duration": 0,
          "root": false,
          "rootEmpty": false,
          "_timeout": 2000
        },
        {
          "uuid": "97b140c4-7624-438b-b0fe-688c0b79b9c8",
          "title": "keyValue(pokeData, key, value) -> returns the number and name of all pokemon with the given key/value pair: ",
          "fullFile": "/Users/master/evan-drive/0-teach-code/h-h-y-f/0--class-7-8/06-web-apps/01-exercises/wk-4-poke/pokedex-api-update/logic/find-by/key-value/spec.js",
          "file": "/logic/find-by/key-value/spec.js",
          "beforeHooks": [],
          "afterHooks": [],
          "tests": [
            {
              "title": "keyValue: data/samples/1.json, \"name\", \"Weedle\"",
              "fullTitle": "keyValue(pokeData, key, value) -> returns the number and name of all pokemon with the given key/value pair:  keyValue: data/samples/1.json, \"name\", \"Weedle\"",
              "timedOut": false,
              "duration": 0,
              "state": "failed",
              "speed": null,
              "pass": false,
              "fail": true,
              "pending": false,
              "context": null,
              "code": "assert.deepStrictEqual(findByKeyValue(...test.args), test.expected);",
              "err": {
                "message": "AssertionError: Expected values to be strictly deep-equal:\n+ actual - expected\n\n+ undefined\n- [\n-   {\n-     name: 'Weedle',\n-     num: '013'\n-   }\n- ]",
                "estack": "AssertionError [ERR_ASSERTION]: Expected values to be strictly deep-equal:\n+ actual - expected\n\n+ undefined\n- [\n-   {\n-     name: 'Weedle',\n-     num: '013'\n-   }\n- ]\n    at Context.<anonymous> (logic/find-by/key-value/spec.js:64:14)\n    at processImmediate (internal/timers.js:439:21)",
                "diff": null
              },
              "uuid": "2f7c556c-7b43-477c-a4c4-9ec2a73bf447",
              "parentUUID": "97b140c4-7624-438b-b0fe-688c0b79b9c8",
              "isHook": false,
              "skipped": false
            },
            {
              "title": "keyValue: data/samples/1.json, \"id\", \"12\"",
              "fullTitle": "keyValue(pokeData, key, value) -> returns the number and name of all pokemon with the given key/value pair:  keyValue: data/samples/1.json, \"id\", \"12\"",
              "timedOut": false,
              "duration": 0,
              "state": "failed",
              "speed": null,
              "pass": false,
              "fail": true,
              "pending": false,
              "context": null,
              "code": "assert.deepStrictEqual(findByKeyValue(...test.args), test.expected);",
              "err": {
                "message": "AssertionError: Expected values to be strictly deep-equal:\n+ actual - expected\n\n+ undefined\n- [\n-   {\n-     name: 'Butterfree',\n-     num: '012'\n-   }\n- ]",
                "estack": "AssertionError [ERR_ASSERTION]: Expected values to be strictly deep-equal:\n+ actual - expected\n\n+ undefined\n- [\n-   {\n-     name: 'Butterfree',\n-     num: '012'\n-   }\n- ]\n    at Context.<anonymous> (logic/find-by/key-value/spec.js:64:14)\n    at processImmediate (internal/timers.js:439:21)",
                "diff": null
              },
              "uuid": "2050ce28-f17e-4256-9174-c49094f35fdc",
              "parentUUID": "97b140c4-7624-438b-b0fe-688c0b79b9c8",
              "isHook": false,
              "skipped": false
            },
            {
              "title": "keyValue: data/samples/2.json, \"doesNotExist\", \"hi!\"",
              "fullTitle": "keyValue(pokeData, key, value) -> returns the number and name of all pokemon with the given key/value pair:  keyValue: data/samples/2.json, \"doesNotExist\", \"hi!\"",
              "timedOut": false,
              "duration": 0,
              "state": "failed",
              "speed": null,
              "pass": false,
              "fail": true,
              "pending": false,
              "context": null,
              "code": "assert.deepStrictEqual(findByKeyValue(...test.args), test.expected);",
              "err": {
                "message": "AssertionError: Expected values to be strictly deep-equal:\n+ actual - expected\n\n+ undefined\n- null",
                "estack": "AssertionError [ERR_ASSERTION]: Expected values to be strictly deep-equal:\n+ actual - expected\n\n+ undefined\n- null\n    at Context.<anonymous> (logic/find-by/key-value/spec.js:64:14)\n    at processImmediate (internal/timers.js:439:21)",
                "diff": null
              },
              "uuid": "f8052891-36d9-4ca7-885e-af8f4fc2786f",
              "parentUUID": "97b140c4-7624-438b-b0fe-688c0b79b9c8",
              "isHook": false,
              "skipped": false
            },
            {
              "title": "keyValue: data/samples/2.json, \"name\", \"Mew\"",
              "fullTitle": "keyValue(pokeData, key, value) -> returns the number and name of all pokemon with the given key/value pair:  keyValue: data/samples/2.json, \"name\", \"Mew\"",
              "timedOut": false,
              "duration": 0,
              "state": "failed",
              "speed": null,
              "pass": false,
              "fail": true,
              "pending": false,
              "context": null,
              "code": "assert.deepStrictEqual(findByKeyValue(...test.args), test.expected);",
              "err": {
                "message": "AssertionError: Expected values to be strictly deep-equal:\n+ actual - expected\n\n+ undefined\n- null",
                "estack": "AssertionError [ERR_ASSERTION]: Expected values to be strictly deep-equal:\n+ actual - expected\n\n+ undefined\n- null\n    at Context.<anonymous> (logic/find-by/key-value/spec.js:64:14)\n    at processImmediate (internal/timers.js:439:21)",
                "diff": null
              },
              "uuid": "15f5a38a-bf8f-4e74-8653-725872d16c71",
              "parentUUID": "97b140c4-7624-438b-b0fe-688c0b79b9c8",
              "isHook": false,
              "skipped": false
            },
            {
              "title": "keyValue: data/samples/3.json, \"egg\", \"Not in Eggs\"",
              "fullTitle": "keyValue(pokeData, key, value) -> returns the number and name of all pokemon with the given key/value pair:  keyValue: data/samples/3.json, \"egg\", \"Not in Eggs\"",
              "timedOut": false,
              "duration": 0,
              "state": "failed",
              "speed": null,
              "pass": false,
              "fail": true,
              "pending": false,
              "context": null,
              "code": "assert.deepStrictEqual(findByKeyValue(...test.args), test.expected);",
              "err": {
                "message": "AssertionError: Expected values to be strictly deep-equal:\n+ actual - expected\n\n+ undefined\n- [\n-   {\n-     name: 'Dodrio',\n-     num: '085'\n-   },\n-   {\n-     name: 'Dewgong',\n-     num: '087'\n-   }\n- ]",
                "estack": "AssertionError [ERR_ASSERTION]: Expected values to be strictly deep-equal:\n+ actual - expected\n\n+ undefined\n- [\n-   {\n-     name: 'Dodrio',\n-     num: '085'\n-   },\n-   {\n-     name: 'Dewgong',\n-     num: '087'\n-   }\n- ]\n    at Context.<anonymous> (logic/find-by/key-value/spec.js:64:14)\n    at processImmediate (internal/timers.js:439:21)",
                "diff": null
              },
              "uuid": "e742af27-f477-41af-b01c-321304830fa0",
              "parentUUID": "97b140c4-7624-438b-b0fe-688c0b79b9c8",
              "isHook": false,
              "skipped": false
            },
            {
              "title": "keyValue: data/samples/3.json, \"egg\", \"5 km",
              "fullTitle": "keyValue(pokeData, key, value) -> returns the number and name of all pokemon with the given key/value pair:  keyValue: data/samples/3.json, \"egg\", \"5 km",
              "timedOut": false,
              "duration": 1,
              "state": "failed",
              "speed": null,
              "pass": false,
              "fail": true,
              "pending": false,
              "context": null,
              "code": "assert.deepStrictEqual(findByKeyValue(...test.args), test.expected);",
              "err": {
                "message": "AssertionError: Expected values to be strictly deep-equal:\n+ actual - expected\n\n+ undefined\n- [\n-   {\n-     name: \"Farfetch'd\",\n-     num: '083'\n-   },\n-   {\n-     name: 'Doduo',\n-     num: '084'\n-   },\n-   {\n-     name: 'Seel',\n-     num: '086'\n-   }\n- ]",
                "estack": "AssertionError [ERR_ASSERTION]: Expected values to be strictly deep-equal:\n+ actual - expected\n\n+ undefined\n- [\n-   {\n-     name: \"Farfetch'd\",\n-     num: '083'\n-   },\n-   {\n-     name: 'Doduo',\n-     num: '084'\n-   },\n-   {\n-     name: 'Seel',\n-     num: '086'\n-   }\n- ]\n    at Context.<anonymous> (logic/find-by/key-value/spec.js:64:14)\n    at processImmediate (internal/timers.js:439:21)",
                "diff": null
              },
              "uuid": "b3c32c08-7aec-4901-b2a7-b88375f7abb5",
              "parentUUID": "97b140c4-7624-438b-b0fe-688c0b79b9c8",
              "isHook": false,
              "skipped": false
            },
            {
              "title": "keyValue: data/samples/4.json, \"spawn_time\", \"N/A\"",
              "fullTitle": "keyValue(pokeData, key, value) -> returns the number and name of all pokemon with the given key/value pair:  keyValue: data/samples/4.json, \"spawn_time\", \"N/A\"",
              "timedOut": false,
              "duration": 0,
              "state": "failed",
              "speed": null,
              "pass": false,
              "fail": true,
              "pending": false,
              "context": null,
              "code": "assert.deepStrictEqual(findByKeyValue(...test.args), test.expected);",
              "err": {
                "message": "AssertionError: Expected values to be strictly deep-equal:\n+ actual - expected\n\n+ undefined\n- [\n-   {\n-     name: 'Ditto',\n-     num: '132'\n-   }\n- ]",
                "estack": "AssertionError [ERR_ASSERTION]: Expected values to be strictly deep-equal:\n+ actual - expected\n\n+ undefined\n- [\n-   {\n-     name: 'Ditto',\n-     num: '132'\n-   }\n- ]\n    at Context.<anonymous> (logic/find-by/key-value/spec.js:64:14)\n    at processImmediate (internal/timers.js:439:21)",
                "diff": null
              },
              "uuid": "842d4b9d-e533-4708-be7e-4ebaf3f635d4",
              "parentUUID": "97b140c4-7624-438b-b0fe-688c0b79b9c8",
              "isHook": false,
              "skipped": false
            }
          ],
          "suites": [],
          "passes": [],
          "failures": [
            "2f7c556c-7b43-477c-a4c4-9ec2a73bf447",
            "2050ce28-f17e-4256-9174-c49094f35fdc",
            "f8052891-36d9-4ca7-885e-af8f4fc2786f",
            "15f5a38a-bf8f-4e74-8653-725872d16c71",
            "e742af27-f477-41af-b01c-321304830fa0",
            "b3c32c08-7aec-4901-b2a7-b88375f7abb5",
            "842d4b9d-e533-4708-be7e-4ebaf3f635d4"
          ],
          "pending": [],
          "skipped": [],
          "duration": 1,
          "root": false,
          "rootEmpty": false,
          "_timeout": 2000
        },
        {
          "uuid": "c9a2c80f-bfb1-4ba6-9602-31c6e5d9583d",
          "title": "type(pokeData, type) -> returns the name and number of all pokemon with this type: ",
          "fullFile": "/Users/master/evan-drive/0-teach-code/h-h-y-f/0--class-7-8/06-web-apps/01-exercises/wk-4-poke/pokedex-api-update/logic/find-by/type/spec.js",
          "file": "/logic/find-by/type/spec.js",
          "beforeHooks": [],
          "afterHooks": [],
          "tests": [
            {
              "title": "type: data/samples/5.json, \"Dragon\"",
              "fullTitle": "type(pokeData, type) -> returns the name and number of all pokemon with this type:  type: data/samples/5.json, \"Dragon\"",
              "timedOut": false,
              "duration": 0,
              "state": "failed",
              "speed": null,
              "pass": false,
              "fail": true,
              "pending": false,
              "context": null,
              "code": "assert.deepStrictEqual(findByType(...test.args), test.expected);",
              "err": {
                "message": "AssertionError: Expected values to be strictly deep-equal:\n+ actual - expected\n\n+ undefined\n- [\n-   {\n-     name: 'Dratini',\n-     num: '147'\n-   },\n-   {\n-     name: 'Dragonair',\n-     num: '148'\n-   },\n-   {\n-     name: 'Dragonite',\n-     num: '149'\n-   }\n- ]",
                "estack": "AssertionError [ERR_ASSERTION]: Expected values to be strictly deep-equal:\n+ actual - expected\n\n+ undefined\n- [\n-   {\n-     name: 'Dratini',\n-     num: '147'\n-   },\n-   {\n-     name: 'Dragonair',\n-     num: '148'\n-   },\n-   {\n-     name: 'Dragonite',\n-     num: '149'\n-   }\n- ]\n    at Context.<anonymous> (logic/find-by/type/spec.js:62:14)\n    at processImmediate (internal/timers.js:439:21)",
                "diff": null
              },
              "uuid": "9d860a8b-ed64-4b0f-adc4-57d983891c60",
              "parentUUID": "c9a2c80f-bfb1-4ba6-9602-31c6e5d9583d",
              "isHook": false,
              "skipped": false
            },
            {
              "title": "type: data/samples/4.json, \"Normal\"",
              "fullTitle": "type(pokeData, type) -> returns the name and number of all pokemon with this type:  type: data/samples/4.json, \"Normal\"",
              "timedOut": false,
              "duration": 0,
              "state": "failed",
              "speed": null,
              "pass": false,
              "fail": true,
              "pending": false,
              "context": null,
              "code": "assert.deepStrictEqual(findByType(...test.args), test.expected);",
              "err": {
                "message": "AssertionError: Expected values to be strictly deep-equal:\n+ actual - expected\n\n+ undefined\n- [\n-   {\n-     name: 'Tauros',\n-     num: '128'\n-   },\n-   {\n-     name: 'Ditto',\n-     num: '132'\n-   }\n- ]",
                "estack": "AssertionError [ERR_ASSERTION]: Expected values to be strictly deep-equal:\n+ actual - expected\n\n+ undefined\n- [\n-   {\n-     name: 'Tauros',\n-     num: '128'\n-   },\n-   {\n-     name: 'Ditto',\n-     num: '132'\n-   }\n- ]\n    at Context.<anonymous> (logic/find-by/type/spec.js:62:14)\n    at processImmediate (internal/timers.js:439:21)",
                "diff": null
              },
              "uuid": "5f022c8c-4257-4d1f-a13d-81859889e9bc",
              "parentUUID": "c9a2c80f-bfb1-4ba6-9602-31c6e5d9583d",
              "isHook": false,
              "skipped": false
            },
            {
              "title": "type: data/samples/3.json, \"Water\"",
              "fullTitle": "type(pokeData, type) -> returns the name and number of all pokemon with this type:  type: data/samples/3.json, \"Water\"",
              "timedOut": false,
              "duration": 1,
              "state": "failed",
              "speed": null,
              "pass": false,
              "fail": true,
              "pending": false,
              "context": null,
              "code": "assert.deepStrictEqual(findByType(...test.args), test.expected);",
              "err": {
                "message": "AssertionError: Expected values to be strictly deep-equal:\n+ actual - expected\n\n+ undefined\n- [\n-   {\n-     name: 'Seel',\n-     num: '086'\n-   },\n-   {\n-     name: 'Dewgong',\n-     num: '087'\n-   }\n- ]",
                "estack": "AssertionError [ERR_ASSERTION]: Expected values to be strictly deep-equal:\n+ actual - expected\n\n+ undefined\n- [\n-   {\n-     name: 'Seel',\n-     num: '086'\n-   },\n-   {\n-     name: 'Dewgong',\n-     num: '087'\n-   }\n- ]\n    at Context.<anonymous> (logic/find-by/type/spec.js:62:14)\n    at processImmediate (internal/timers.js:439:21)",
                "diff": null
              },
              "uuid": "451084fd-80ae-409f-a57d-b92f7a85c5d2",
              "parentUUID": "c9a2c80f-bfb1-4ba6-9602-31c6e5d9583d",
              "isHook": false,
              "skipped": false
            },
            {
              "title": "type: data/samples/2.json, \"Bug\"",
              "fullTitle": "type(pokeData, type) -> returns the name and number of all pokemon with this type:  type: data/samples/2.json, \"Bug\"",
              "timedOut": false,
              "duration": 0,
              "state": "failed",
              "speed": null,
              "pass": false,
              "fail": true,
              "pending": false,
              "context": null,
              "code": "assert.deepStrictEqual(findByType(...test.args), test.expected);",
              "err": {
                "message": "AssertionError: Expected values to be strictly deep-equal:\n+ actual - expected\n\n+ undefined\n- [\n-   {\n-     name: 'Paras',\n-     num: '046'\n-   },\n-   {\n-     name: 'Parasect',\n-     num: '047'\n-   }\n- ]",
                "estack": "AssertionError [ERR_ASSERTION]: Expected values to be strictly deep-equal:\n+ actual - expected\n\n+ undefined\n- [\n-   {\n-     name: 'Paras',\n-     num: '046'\n-   },\n-   {\n-     name: 'Parasect',\n-     num: '047'\n-   }\n- ]\n    at Context.<anonymous> (logic/find-by/type/spec.js:62:14)\n    at processImmediate (internal/timers.js:439:21)",
                "diff": null
              },
              "uuid": "71bb06ba-f247-40e3-a056-20bb572f4c21",
              "parentUUID": "c9a2c80f-bfb1-4ba6-9602-31c6e5d9583d",
              "isHook": false,
              "skipped": false
            },
            {
              "title": "type: data/samples/1.json, \"Bug\"",
              "fullTitle": "type(pokeData, type) -> returns the name and number of all pokemon with this type:  type: data/samples/1.json, \"Bug\"",
              "timedOut": false,
              "duration": 1,
              "state": "failed",
              "speed": null,
              "pass": false,
              "fail": true,
              "pending": false,
              "context": null,
              "code": "assert.deepStrictEqual(findByType(...test.args), test.expected);",
              "err": {
                "message": "AssertionError: Expected values to be strictly deep-equal:\n+ actual - expected\n\n+ undefined\n- [\n-   {\n-     name: 'Caterpie',\n-     num: '010'\n-   },\n-   {\n-     name: 'Metapod',\n-     num: '011'\n-   },\n-   {\n-     name: 'Butterfree',\n-     num: '012'\n-   },\n-   {\n-     name: 'Weedle',\n-     num: '013'\n-   },\n-   {\n-     name: 'Kakuna',\n-     num: '014'\n-   },\n-   {\n-     name: 'Beedrill',\n-     num: '015'\n-   }\n- ]",
                "estack": "AssertionError [ERR_ASSERTION]: Expected values to be strictly deep-equal:\n+ actual - expected\n\n+ undefined\n- [\n-   {\n-     name: 'Caterpie',\n-     num: '010'\n-   },\n-   {\n-     name: 'Metapod',\n-     num: '011'\n-   },\n-   {\n-     name: 'Butterfree',\n-     num: '012'\n-   },\n-   {\n-     name: 'Weedle',\n-     num: '013'\n-   },\n-   {\n-     name: 'Kakuna',\n-     num: '014'\n-   },\n-   {\n-     name: 'Beedrill',\n-     num: '015'\n-   }\n- ]\n    at Context.<anonymous> (logic/find-by/type/spec.js:62:14)\n    at processImmediate (internal/timers.js:439:21)",
                "diff": null
              },
              "uuid": "00f1f37b-43c1-49e9-a546-a8d4b6a70210",
              "parentUUID": "c9a2c80f-bfb1-4ba6-9602-31c6e5d9583d",
              "isHook": false,
              "skipped": false
            }
          ],
          "suites": [],
          "passes": [],
          "failures": [
            "9d860a8b-ed64-4b0f-adc4-57d983891c60",
            "5f022c8c-4257-4d1f-a13d-81859889e9bc",
            "451084fd-80ae-409f-a57d-b92f7a85c5d2",
            "71bb06ba-f247-40e3-a056-20bb572f4c21",
            "00f1f37b-43c1-49e9-a546-a8d4b6a70210"
          ],
          "pending": [],
          "skipped": [],
          "duration": 2,
          "root": false,
          "rootEmpty": false,
          "_timeout": 2000
        },
        {
          "uuid": "0799c5d6-af3c-4ce9-885f-b9307ce90cd4",
          "title": "value(pokeData, value) -> returns the name and number of all pokemon with this value in any key: ",
          "fullFile": "/Users/master/evan-drive/0-teach-code/h-h-y-f/0--class-7-8/06-web-apps/01-exercises/wk-4-poke/pokedex-api-update/logic/find-by/value/spec.js",
          "file": "/logic/find-by/value/spec.js",
          "beforeHooks": [],
          "afterHooks": [],
          "tests": [
            {
              "title": "value: data/samples/5.json, \"null\"",
              "fullTitle": "value(pokeData, value) -> returns the name and number of all pokemon with this value in any key:  value: data/samples/5.json, \"null\"",
              "timedOut": false,
              "duration": 0,
              "state": "failed",
              "speed": null,
              "pass": false,
              "fail": true,
              "pending": false,
              "context": null,
              "code": "assert.deepStrictEqual(findByValue(...test.args), test.expected);",
              "err": {
                "message": "AssertionError: Expected values to be strictly deep-equal:\n+ actual - expected\n\n+ undefined\n- [\n-   {\n-     name: 'Moltres',\n-     num: '146'\n-   },\n-   {\n-     name: 'Dragonite',\n-     num: '149'\n-   },\n-   {\n-     name: 'Mewtwo',\n-     num: '150'\n-   },\n-   {\n-     name: 'Mew',\n-     num: '151'\n-   }\n- ]",
                "estack": "AssertionError [ERR_ASSERTION]: Expected values to be strictly deep-equal:\n+ actual - expected\n\n+ undefined\n- [\n-   {\n-     name: 'Moltres',\n-     num: '146'\n-   },\n-   {\n-     name: 'Dragonite',\n-     num: '149'\n-   },\n-   {\n-     name: 'Mewtwo',\n-     num: '150'\n-   },\n-   {\n-     name: 'Mew',\n-     num: '151'\n-   }\n- ]\n    at Context.<anonymous> (logic/find-by/value/spec.js:55:14)\n    at processImmediate (internal/timers.js:439:21)",
                "diff": null
              },
              "uuid": "d9a14714-cc16-4456-b5dc-b05d5cfe2c29",
              "parentUUID": "0799c5d6-af3c-4ce9-885f-b9307ce90cd4",
              "isHook": false,
              "skipped": false
            },
            {
              "title": "value: data/samples/4.json, \"None\"",
              "fullTitle": "value(pokeData, value) -> returns the name and number of all pokemon with this value in any key:  value: data/samples/4.json, \"None\"",
              "timedOut": false,
              "duration": 0,
              "state": "failed",
              "speed": null,
              "pass": false,
              "fail": true,
              "pending": false,
              "context": null,
              "code": "assert.deepStrictEqual(findByValue(...test.args), test.expected);",
              "err": {
                "message": "AssertionError: Expected values to be strictly deep-equal:\n+ actual - expected\n\n+ undefined\n- [\n-   {\n-     name: 'Mr. Mime',\n-     num: '122'\n-   },\n-   {\n-     name: 'Scyther',\n-     num: '123'\n-   },\n-   {\n-     name: 'Jynx',\n-     num: '124'\n-   },\n-   {\n-     name: 'Electabuzz',\n-     num: '125'\n-   },\n-   {\n-     name: 'Magmar',\n-     num: '126'\n-   },\n-   {\n-     name: 'Pinsir',\n-     num: '127'\n-   },\n-   {\n-     name: 'Tauros',\n-     num: '128'\n-   },\n-   {\n-     name: 'Lapras',\n-     num: '131'\n-   },\n-   {\n-     name: 'Ditto',\n-     num: '132'\n-   }\n- ]",
                "estack": "AssertionError [ERR_ASSERTION]: Expected values to be strictly deep-equal:\n+ actual - expected\n\n+ undefined\n- [\n-   {\n-     name: 'Mr. Mime',\n-     num: '122'\n-   },\n-   {\n-     name: 'Scyther',\n-     num: '123'\n-   },\n-   {\n-     name: 'Jynx',\n-     num: '124'\n-   },\n-   {\n-     name: 'Electabuzz',\n-     num: '125'\n-   },\n-   {\n-     name: 'Magmar',\n-     num: '126'\n-   },\n-   {\n-     name: 'Pinsir',\n-     num: '127'\n-   },\n-   {\n-     name: 'Tauros',\n-     num: '128'\n-   },\n-   {\n-     name: 'Lapras',\n-     num: '131'\n-   },\n-   {\n-     name: 'Ditto',\n-     num: '132'\n-   }\n- ]\n    at Context.<anonymous> (logic/find-by/value/spec.js:55:14)\n    at processImmediate (internal/timers.js:439:21)",
                "diff": null
              },
              "uuid": "f8bf6667-7b3e-493a-981e-cc0c41501307",
              "parentUUID": "0799c5d6-af3c-4ce9-885f-b9307ce90cd4",
              "isHook": false,
              "skipped": false
            },
            {
              "title": "value: data/samples/2.json, \"Bug\"",
              "fullTitle": "value(pokeData, value) -> returns the name and number of all pokemon with this value in any key:  value: data/samples/2.json, \"Bug\"",
              "timedOut": false,
              "duration": 0,
              "state": "failed",
              "speed": null,
              "pass": false,
              "fail": true,
              "pending": false,
              "context": null,
              "code": "assert.deepStrictEqual(findByValue(...test.args), test.expected);",
              "err": {
                "message": "AssertionError: Expected values to be strictly deep-equal:\n+ actual - expected\n\n+ undefined\n- null",
                "estack": "AssertionError [ERR_ASSERTION]: Expected values to be strictly deep-equal:\n+ actual - expected\n\n+ undefined\n- null\n    at Context.<anonymous> (logic/find-by/value/spec.js:55:14)\n    at processImmediate (internal/timers.js:439:21)",
                "diff": null
              },
              "uuid": "ab4795aa-05ae-4186-93ea-334195d20915",
              "parentUUID": "0799c5d6-af3c-4ce9-885f-b9307ce90cd4",
              "isHook": false,
              "skipped": false
            },
            {
              "title": "value: data/samples/1.json, \"12\"",
              "fullTitle": "value(pokeData, value) -> returns the name and number of all pokemon with this value in any key:  value: data/samples/1.json, \"12\"",
              "timedOut": false,
              "duration": 1,
              "state": "failed",
              "speed": null,
              "pass": false,
              "fail": true,
              "pending": false,
              "context": null,
              "code": "assert.deepStrictEqual(findByValue(...test.args), test.expected);",
              "err": {
                "message": "AssertionError: Expected values to be strictly deep-equal:\n+ actual - expected\n\n+ undefined\n- [\n-   {\n-     name: 'Caterpie',\n-     num: '010'\n-   },\n-   {\n-     name: 'Butterfree',\n-     num: '012'\n-   },\n-   {\n-     name: 'Weedle',\n-     num: '013'\n-   }\n- ]",
                "estack": "AssertionError [ERR_ASSERTION]: Expected values to be strictly deep-equal:\n+ actual - expected\n\n+ undefined\n- [\n-   {\n-     name: 'Caterpie',\n-     num: '010'\n-   },\n-   {\n-     name: 'Butterfree',\n-     num: '012'\n-   },\n-   {\n-     name: 'Weedle',\n-     num: '013'\n-   }\n- ]\n    at Context.<anonymous> (logic/find-by/value/spec.js:55:14)\n    at processImmediate (internal/timers.js:439:21)",
                "diff": null
              },
              "uuid": "ba8afffb-d548-483f-97e4-ff923f0ed11b",
              "parentUUID": "0799c5d6-af3c-4ce9-885f-b9307ce90cd4",
              "isHook": false,
              "skipped": false
            }
          ],
          "suites": [],
          "passes": [],
          "failures": [
            "d9a14714-cc16-4456-b5dc-b05d5cfe2c29",
            "f8bf6667-7b3e-493a-981e-cc0c41501307",
            "ab4795aa-05ae-4186-93ea-334195d20915",
            "ba8afffb-d548-483f-97e4-ff923f0ed11b"
          ],
          "pending": [],
          "skipped": [],
          "duration": 1,
          "root": false,
          "rootEmpty": false,
          "_timeout": 2000
        },
        {
          "uuid": "5ede3197-7bc5-42c2-a5c0-e697c490878f",
          "title": "weakness(pokeData, weakness) -> returns the name and number of all pokemon with this weakness: ",
          "fullFile": "/Users/master/evan-drive/0-teach-code/h-h-y-f/0--class-7-8/06-web-apps/01-exercises/wk-4-poke/pokedex-api-update/logic/find-by/weakness/spec.js",
          "file": "/logic/find-by/weakness/spec.js",
          "beforeHooks": [],
          "afterHooks": [],
          "tests": [
            {
              "title": "weakness: data/samples/5.json, \"Dragon\"",
              "fullTitle": "weakness(pokeData, weakness) -> returns the name and number of all pokemon with this weakness:  weakness: data/samples/5.json, \"Dragon\"",
              "timedOut": false,
              "duration": 0,
              "state": "failed",
              "speed": null,
              "pass": false,
              "fail": true,
              "pending": false,
              "context": null,
              "code": "assert.deepStrictEqual(findByWeakness(...test.args), test.expected);",
              "err": {
                "message": "AssertionError: Expected values to be strictly deep-equal:\n+ actual - expected\n\n+ undefined\n- [\n-   {\n-     name: 'Dratini',\n-     num: '147'\n-   },\n-   {\n-     name: 'Dragonair',\n-     num: '148'\n-   },\n-   {\n-     name: 'Dragonite',\n-     num: '149'\n-   }\n- ]",
                "estack": "AssertionError [ERR_ASSERTION]: Expected values to be strictly deep-equal:\n+ actual - expected\n\n+ undefined\n- [\n-   {\n-     name: 'Dratini',\n-     num: '147'\n-   },\n-   {\n-     name: 'Dragonair',\n-     num: '148'\n-   },\n-   {\n-     name: 'Dragonite',\n-     num: '149'\n-   }\n- ]\n    at Context.<anonymous> (logic/find-by/weakness/spec.js:86:14)\n    at processImmediate (internal/timers.js:439:21)",
                "diff": null
              },
              "uuid": "a9700eff-c1c2-483a-89fd-b77d7076a0f4",
              "parentUUID": "5ede3197-7bc5-42c2-a5c0-e697c490878f",
              "isHook": false,
              "skipped": false
            },
            {
              "title": "weakness: data/samples/4.json, \"Normal\"",
              "fullTitle": "weakness(pokeData, weakness) -> returns the name and number of all pokemon with this weakness:  weakness: data/samples/4.json, \"Normal\"",
              "timedOut": false,
              "duration": 0,
              "state": "failed",
              "speed": null,
              "pass": false,
              "fail": true,
              "pending": false,
              "context": null,
              "code": "assert.deepStrictEqual(findByWeakness(...test.args), test.expected);",
              "err": {
                "message": "AssertionError: Expected values to be strictly deep-equal:\n+ actual - expected\n\n+ undefined\n- null",
                "estack": "AssertionError [ERR_ASSERTION]: Expected values to be strictly deep-equal:\n+ actual - expected\n\n+ undefined\n- null\n    at Context.<anonymous> (logic/find-by/weakness/spec.js:86:14)\n    at processImmediate (internal/timers.js:439:21)",
                "diff": null
              },
              "uuid": "05028b9c-fb80-48e9-95e6-11cbdf91b14f",
              "parentUUID": "5ede3197-7bc5-42c2-a5c0-e697c490878f",
              "isHook": false,
              "skipped": false
            },
            {
              "title": "weakness: data/samples/3.json, \"Fighting\"",
              "fullTitle": "weakness(pokeData, weakness) -> returns the name and number of all pokemon with this weakness:  weakness: data/samples/3.json, \"Fighting\"",
              "timedOut": false,
              "duration": 0,
              "state": "failed",
              "speed": null,
              "pass": false,
              "fail": true,
              "pending": false,
              "context": null,
              "code": "assert.deepStrictEqual(findByWeakness(...test.args), test.expected);",
              "err": {
                "message": "AssertionError: Expected values to be strictly deep-equal:\n+ actual - expected\n\n+ undefined\n- [\n-   {\n-     name: 'Dewgong',\n-     num: '087'\n-   }\n- ]",
                "estack": "AssertionError [ERR_ASSERTION]: Expected values to be strictly deep-equal:\n+ actual - expected\n\n+ undefined\n- [\n-   {\n-     name: 'Dewgong',\n-     num: '087'\n-   }\n- ]\n    at Context.<anonymous> (logic/find-by/weakness/spec.js:86:14)\n    at processImmediate (internal/timers.js:439:21)",
                "diff": null
              },
              "uuid": "fd4204a0-e0d5-40b3-b8f3-c153c40f20a6",
              "parentUUID": "5ede3197-7bc5-42c2-a5c0-e697c490878f",
              "isHook": false,
              "skipped": false
            },
            {
              "title": "weakness: data/samples/2.json, \"Bug\"",
              "fullTitle": "weakness(pokeData, weakness) -> returns the name and number of all pokemon with this weakness:  weakness: data/samples/2.json, \"Bug\"",
              "timedOut": false,
              "duration": 0,
              "state": "failed",
              "speed": null,
              "pass": false,
              "fail": true,
              "pending": false,
              "context": null,
              "code": "assert.deepStrictEqual(findByWeakness(...test.args), test.expected);",
              "err": {
                "message": "AssertionError: Expected values to be strictly deep-equal:\n+ actual - expected\n\n+ undefined\n- [\n-   {\n-     name: 'Paras',\n-     num: '046'\n-   },\n-   {\n-     name: 'Parasect',\n-     num: '047'\n-   }\n- ]",
                "estack": "AssertionError [ERR_ASSERTION]: Expected values to be strictly deep-equal:\n+ actual - expected\n\n+ undefined\n- [\n-   {\n-     name: 'Paras',\n-     num: '046'\n-   },\n-   {\n-     name: 'Parasect',\n-     num: '047'\n-   }\n- ]\n    at Context.<anonymous> (logic/find-by/weakness/spec.js:86:14)\n    at processImmediate (internal/timers.js:439:21)",
                "diff": null
              },
              "uuid": "37a60efa-bf8a-4360-810f-0f72fc94f24b",
              "parentUUID": "5ede3197-7bc5-42c2-a5c0-e697c490878f",
              "isHook": false,
              "skipped": false
            },
            {
              "title": "weakness: data/samples/1.json, \"Electric\"",
              "fullTitle": "weakness(pokeData, weakness) -> returns the name and number of all pokemon with this weakness:  weakness: data/samples/1.json, \"Electric\"",
              "timedOut": false,
              "duration": 0,
              "state": "failed",
              "speed": null,
              "pass": false,
              "fail": true,
              "pending": false,
              "context": null,
              "code": "assert.deepStrictEqual(findByWeakness(...test.args), test.expected);",
              "err": {
                "message": "AssertionError: Expected values to be strictly deep-equal:\n+ actual - expected\n\n+ undefined\n- [\n-   {\n-     name: 'Squirtle',\n-     num: '007'\n-   },\n-   {\n-     name: 'Wartortle',\n-     num: '008'\n-   },\n-   {\n-     name: 'Blastoise',\n-     num: '009'\n-   },\n-   {\n-     name: 'Butterfree',\n-     num: '012'\n-   }\n- ]",
                "estack": "AssertionError [ERR_ASSERTION]: Expected values to be strictly deep-equal:\n+ actual - expected\n\n+ undefined\n- [\n-   {\n-     name: 'Squirtle',\n-     num: '007'\n-   },\n-   {\n-     name: 'Wartortle',\n-     num: '008'\n-   },\n-   {\n-     name: 'Blastoise',\n-     num: '009'\n-   },\n-   {\n-     name: 'Butterfree',\n-     num: '012'\n-   }\n- ]\n    at Context.<anonymous> (logic/find-by/weakness/spec.js:86:14)\n    at processImmediate (internal/timers.js:439:21)",
                "diff": null
              },
              "uuid": "584cceca-e061-4b41-a5c9-d3216f9d2720",
              "parentUUID": "5ede3197-7bc5-42c2-a5c0-e697c490878f",
              "isHook": false,
              "skipped": false
            }
          ],
          "suites": [],
          "passes": [],
          "failures": [
            "a9700eff-c1c2-483a-89fd-b77d7076a0f4",
            "05028b9c-fb80-48e9-95e6-11cbdf91b14f",
            "fd4204a0-e0d5-40b3-b8f3-c153c40f20a6",
            "37a60efa-bf8a-4360-810f-0f72fc94f24b",
            "584cceca-e061-4b41-a5c9-d3216f9d2720"
          ],
          "pending": [],
          "skipped": [],
          "duration": 0,
          "root": false,
          "rootEmpty": false,
          "_timeout": 2000
        },
        {
          "uuid": "e2a837a3-ece3-41bc-b18e-69a84d9a9f43",
          "title": "typeStats(pokeData, type) -> returns how many times a type appears as a type and as a weakness: ",
          "fullFile": "/Users/master/evan-drive/0-teach-code/h-h-y-f/0--class-7-8/06-web-apps/01-exercises/wk-4-poke/pokedex-api-update/logic/type-stats/spec.js",
          "file": "/logic/type-stats/spec.js",
          "beforeHooks": [],
          "afterHooks": [],
          "tests": [
            {
              "title": "typeStats: data/samples/5.json, \"Dragon\"",
              "fullTitle": "typeStats(pokeData, type) -> returns how many times a type appears as a type and as a weakness:  typeStats: data/samples/5.json, \"Dragon\"",
              "timedOut": false,
              "duration": 1,
              "state": "failed",
              "speed": null,
              "pass": false,
              "fail": true,
              "pending": false,
              "context": null,
              "code": "assert.deepStrictEqual(typeStats(...test.args), test.expected);",
              "err": {
                "message": "AssertionError: Expected values to be strictly deep-equal:\n+ actual - expected\n\n+ undefined\n- {\n-   typeCount: 3,\n-   typeName: 'Dragon',\n-   weaknessCount: 3\n- }",
                "estack": "AssertionError [ERR_ASSERTION]: Expected values to be strictly deep-equal:\n+ actual - expected\n\n+ undefined\n- {\n-   typeCount: 3,\n-   typeName: 'Dragon',\n-   weaknessCount: 3\n- }\n    at Context.<anonymous> (logic/type-stats/spec.js:69:14)\n    at processImmediate (internal/timers.js:439:21)",
                "diff": null
              },
              "uuid": "eaf21026-5d7b-4e3f-a544-b69f6ea7a83c",
              "parentUUID": "e2a837a3-ece3-41bc-b18e-69a84d9a9f43",
              "isHook": false,
              "skipped": false
            },
            {
              "title": "typeStats: data/samples/5.json, \"Fairy\"",
              "fullTitle": "typeStats(pokeData, type) -> returns how many times a type appears as a type and as a weakness:  typeStats: data/samples/5.json, \"Fairy\"",
              "timedOut": false,
              "duration": 1,
              "state": "failed",
              "speed": null,
              "pass": false,
              "fail": true,
              "pending": false,
              "context": null,
              "code": "assert.deepStrictEqual(typeStats(...test.args), test.expected);",
              "err": {
                "message": "AssertionError: Expected values to be strictly deep-equal:\n+ actual - expected\n\n+ undefined\n- {\n-   typeCount: 0,\n-   typeName: 'Fairy',\n-   weaknessCount: 3\n- }",
                "estack": "AssertionError [ERR_ASSERTION]: Expected values to be strictly deep-equal:\n+ actual - expected\n\n+ undefined\n- {\n-   typeCount: 0,\n-   typeName: 'Fairy',\n-   weaknessCount: 3\n- }\n    at Context.<anonymous> (logic/type-stats/spec.js:69:14)\n    at processImmediate (internal/timers.js:439:21)",
                "diff": null
              },
              "uuid": "3d8ec4cb-d911-49f4-98d1-2fed0ed0a650",
              "parentUUID": "e2a837a3-ece3-41bc-b18e-69a84d9a9f43",
              "isHook": false,
              "skipped": false
            },
            {
              "title": "typeStats: data/samples/2.json, \"Grass\"",
              "fullTitle": "typeStats(pokeData, type) -> returns how many times a type appears as a type and as a weakness:  typeStats: data/samples/2.json, \"Grass\"",
              "timedOut": false,
              "duration": 0,
              "state": "failed",
              "speed": null,
              "pass": false,
              "fail": true,
              "pending": false,
              "context": null,
              "code": "assert.deepStrictEqual(typeStats(...test.args), test.expected);",
              "err": {
                "message": "AssertionError: Expected values to be strictly deep-equal:\n+ actual - expected\n\n+ undefined\n- {\n-   typeCount: 5,\n-   typeName: 'Grass',\n-   weaknessCount: 0\n- }",
                "estack": "AssertionError [ERR_ASSERTION]: Expected values to be strictly deep-equal:\n+ actual - expected\n\n+ undefined\n- {\n-   typeCount: 5,\n-   typeName: 'Grass',\n-   weaknessCount: 0\n- }\n    at Context.<anonymous> (logic/type-stats/spec.js:69:14)\n    at processImmediate (internal/timers.js:439:21)",
                "diff": null
              },
              "uuid": "4204f03a-5da7-4ede-92bd-e152d32d51ca",
              "parentUUID": "e2a837a3-ece3-41bc-b18e-69a84d9a9f43",
              "isHook": false,
              "skipped": false
            },
            {
              "title": "typeStats: data/samples/2.json, \"Fire\"",
              "fullTitle": "typeStats(pokeData, type) -> returns how many times a type appears as a type and as a weakness:  typeStats: data/samples/2.json, \"Fire\"",
              "timedOut": false,
              "duration": 0,
              "state": "failed",
              "speed": null,
              "pass": false,
              "fail": true,
              "pending": false,
              "context": null,
              "code": "assert.deepStrictEqual(typeStats(...test.args), test.expected);",
              "err": {
                "message": "AssertionError: Expected values to be strictly deep-equal:\n+ actual - expected\n\n+ undefined\n- {\n-   typeCount: 0,\n-   typeName: 'Fire',\n-   weaknessCount: 5\n- }",
                "estack": "AssertionError [ERR_ASSERTION]: Expected values to be strictly deep-equal:\n+ actual - expected\n\n+ undefined\n- {\n-   typeCount: 0,\n-   typeName: 'Fire',\n-   weaknessCount: 5\n- }\n    at Context.<anonymous> (logic/type-stats/spec.js:69:14)\n    at processImmediate (internal/timers.js:439:21)",
                "diff": null
              },
              "uuid": "98f7f9e9-bcd6-4650-9013-9fa08d9a6043",
              "parentUUID": "e2a837a3-ece3-41bc-b18e-69a84d9a9f43",
              "isHook": false,
              "skipped": false
            },
            {
              "title": "typeStats: data/samples/4.json, \"Normal\"",
              "fullTitle": "typeStats(pokeData, type) -> returns how many times a type appears as a type and as a weakness:  typeStats: data/samples/4.json, \"Normal\"",
              "timedOut": false,
              "duration": 1,
              "state": "failed",
              "speed": null,
              "pass": false,
              "fail": true,
              "pending": false,
              "context": null,
              "code": "assert.deepStrictEqual(typeStats(...test.args), test.expected);",
              "err": {
                "message": "AssertionError: Expected values to be strictly deep-equal:\n+ actual - expected\n\n+ undefined\n- {\n-   typeCount: 2,\n-   typeName: 'Normal',\n-   weaknessCount: 0\n- }",
                "estack": "AssertionError [ERR_ASSERTION]: Expected values to be strictly deep-equal:\n+ actual - expected\n\n+ undefined\n- {\n-   typeCount: 2,\n-   typeName: 'Normal',\n-   weaknessCount: 0\n- }\n    at Context.<anonymous> (logic/type-stats/spec.js:69:14)\n    at processImmediate (internal/timers.js:439:21)",
                "diff": null
              },
              "uuid": "b47c70c7-9f1e-4b87-b080-0f5978f258f0",
              "parentUUID": "e2a837a3-ece3-41bc-b18e-69a84d9a9f43",
              "isHook": false,
              "skipped": false
            },
            {
              "title": "typeStats: data/samples/4.json, \"Fighting\"",
              "fullTitle": "typeStats(pokeData, type) -> returns how many times a type appears as a type and as a weakness:  typeStats: data/samples/4.json, \"Fighting\"",
              "timedOut": false,
              "duration": 0,
              "state": "failed",
              "speed": null,
              "pass": false,
              "fail": true,
              "pending": false,
              "context": null,
              "code": "assert.deepStrictEqual(typeStats(...test.args), test.expected);",
              "err": {
                "message": "AssertionError: Expected values to be strictly deep-equal:\n+ actual - expected\n\n+ undefined\n- {\n-   typeCount: 0,\n-   typeName: 'Fighting',\n-   weaknessCount: 3\n- }",
                "estack": "AssertionError [ERR_ASSERTION]: Expected values to be strictly deep-equal:\n+ actual - expected\n\n+ undefined\n- {\n-   typeCount: 0,\n-   typeName: 'Fighting',\n-   weaknessCount: 3\n- }\n    at Context.<anonymous> (logic/type-stats/spec.js:69:14)\n    at processImmediate (internal/timers.js:439:21)",
                "diff": null
              },
              "uuid": "0e7c379d-940c-49f1-81be-ce0ab047ec86",
              "parentUUID": "e2a837a3-ece3-41bc-b18e-69a84d9a9f43",
              "isHook": false,
              "skipped": false
            }
          ],
          "suites": [],
          "passes": [],
          "failures": [
            "eaf21026-5d7b-4e3f-a544-b69f6ea7a83c",
            "3d8ec4cb-d911-49f4-98d1-2fed0ed0a650",
            "4204f03a-5da7-4ede-92bd-e152d32d51ca",
            "98f7f9e9-bcd6-4650-9013-9fa08d9a6043",
            "b47c70c7-9f1e-4b87-b080-0f5978f258f0",
            "0e7c379d-940c-49f1-81be-ce0ab047ec86"
          ],
          "pending": [],
          "skipped": [],
          "duration": 3,
          "root": false,
          "rootEmpty": false,
          "_timeout": 2000
        },
        {
          "uuid": "7212a0a3-c442-4b3a-8818-0b71187b688c",
          "title": "valuesForKey(pokeData, key) -> returns all unique values stored in that key: ",
          "fullFile": "/Users/master/evan-drive/0-teach-code/h-h-y-f/0--class-7-8/06-web-apps/01-exercises/wk-4-poke/pokedex-api-update/logic/values-for-key/spec.js",
          "file": "/logic/values-for-key/spec.js",
          "beforeHooks": [],
          "afterHooks": [],
          "tests": [
            {
              "title": "valuesForKey: data/samples/2.json, \"id\"",
              "fullTitle": "valuesForKey(pokeData, key) -> returns all unique values stored in that key:  valuesForKey: data/samples/2.json, \"id\"",
              "timedOut": false,
              "duration": 0,
              "state": "failed",
              "speed": null,
              "pass": false,
              "fail": true,
              "pending": false,
              "context": null,
              "code": "assert.deepStrictEqual(valuesForKey(...test.args), test.expected);",
              "err": {
                "message": "AssertionError: Expected values to be strictly deep-equal:\n+ actual - expected\n\n+ undefined\n- [\n-   43,\n-   44,\n-   45,\n-   46,\n-   47\n- ]",
                "estack": "AssertionError [ERR_ASSERTION]: Expected values to be strictly deep-equal:\n+ actual - expected\n\n+ undefined\n- [\n-   43,\n-   44,\n-   45,\n-   46,\n-   47\n- ]\n    at Context.<anonymous> (logic/values-for-key/spec.js:83:14)\n    at processImmediate (internal/timers.js:439:21)",
                "diff": null
              },
              "uuid": "b98353f4-d33d-4e89-aeaa-64bafa59e471",
              "parentUUID": "7212a0a3-c442-4b3a-8818-0b71187b688c",
              "isHook": false,
              "skipped": false
            },
            {
              "title": "valuesForKey: data/samples/3.json, \"num\"",
              "fullTitle": "valuesForKey(pokeData, key) -> returns all unique values stored in that key:  valuesForKey: data/samples/3.json, \"num\"",
              "timedOut": false,
              "duration": 0,
              "state": "failed",
              "speed": null,
              "pass": false,
              "fail": true,
              "pending": false,
              "context": null,
              "code": "assert.deepStrictEqual(valuesForKey(...test.args), test.expected);",
              "err": {
                "message": "AssertionError: Expected values to be strictly deep-equal:\n+ actual - expected\n\n+ undefined\n- [\n-   '083',\n-   '084',\n-   '085',\n-   '086',\n-   '087'\n- ]",
                "estack": "AssertionError [ERR_ASSERTION]: Expected values to be strictly deep-equal:\n+ actual - expected\n\n+ undefined\n- [\n-   '083',\n-   '084',\n-   '085',\n-   '086',\n-   '087'\n- ]\n    at Context.<anonymous> (logic/values-for-key/spec.js:83:14)\n    at processImmediate (internal/timers.js:439:21)",
                "diff": null
              },
              "uuid": "47620c22-8df9-43d2-af3b-80696bc51ae4",
              "parentUUID": "7212a0a3-c442-4b3a-8818-0b71187b688c",
              "isHook": false,
              "skipped": false
            },
            {
              "title": "valuesForKey: data/samples/4.json, \"weaknesses\"",
              "fullTitle": "valuesForKey(pokeData, key) -> returns all unique values stored in that key:  valuesForKey: data/samples/4.json, \"weaknesses\"",
              "timedOut": false,
              "duration": 0,
              "state": "failed",
              "speed": null,
              "pass": false,
              "fail": true,
              "pending": false,
              "context": null,
              "code": "assert.deepStrictEqual(valuesForKey(...test.args), test.expected);",
              "err": {
                "message": "AssertionError: Expected values to be strictly deep-equal:\n+ actual - expected ... Lines skipped\n\n+ undefined\n...\n- [\n-   [\n-     'Bug',\n-     'Ghost',\n-     'Dark'\n-   ],\n-   [\n-     'Fire',\n-     'Electric',\n-     'Ice',\n-     'Flying',\n-     'Rock'\n-   ],\n-   [\n-     'Fire',\n-     'Bug',\n-     'Rock',\n-     'Ghost',\n-     'Dark',\n-     'Steel'\n-   ],\n-   [\n-     'Ground'\n-   ],\n-   [\n-     'Water',\n-     'Ground',\n-     'Rock'\n-   ],\n-   [\n-     'Fire',\n-     'Flying',\n-     'Rock'\n-   ],\n-   [\n-     'Fighting'\n-   ],\n-   [\n-     'Electric',\n-     'Grass'\n-   ],\n-   [\n-     'Electric',\n-     'Rock'\n-   ],\n-   [\n-     'Electric',\n-     'Grass',\n-     'Fighting',\n-     'Rock'\n...",
                "estack": "AssertionError [ERR_ASSERTION]: Expected values to be strictly deep-equal:\n+ actual - expected ... Lines skipped\n\n+ undefined\n...\n- [\n-   [\n-     'Bug',\n-     'Ghost',\n-     'Dark'\n-   ],\n-   [\n-     'Fire',\n-     'Electric',\n-     'Ice',\n-     'Flying',\n-     'Rock'\n-   ],\n-   [\n-     'Fire',\n-     'Bug',\n-     'Rock',\n-     'Ghost',\n-     'Dark',\n-     'Steel'\n-   ],\n-   [\n-     'Ground'\n-   ],\n-   [\n-     'Water',\n-     'Ground',\n-     'Rock'\n-   ],\n-   [\n-     'Fire',\n-     'Flying',\n-     'Rock'\n-   ],\n-   [\n-     'Fighting'\n-   ],\n-   [\n-     'Electric',\n-     'Grass'\n-   ],\n-   [\n-     'Electric',\n-     'Rock'\n-   ],\n-   [\n-     'Electric',\n-     'Grass',\n-     'Fighting',\n-     'Rock'\n...\n    at Context.<anonymous> (logic/values-for-key/spec.js:83:14)\n    at processImmediate (internal/timers.js:439:21)",
                "diff": null
              },
              "uuid": "fecff4a1-7613-4545-8c0f-ff661368653f",
              "parentUUID": "7212a0a3-c442-4b3a-8818-0b71187b688c",
              "isHook": false,
              "skipped": false
            },
            {
              "title": "valuesForKey: data/samples/5.json, \"next_evolution\"",
              "fullTitle": "valuesForKey(pokeData, key) -> returns all unique values stored in that key:  valuesForKey: data/samples/5.json, \"next_evolution\"",
              "timedOut": false,
              "duration": 0,
              "state": "failed",
              "speed": null,
              "pass": false,
              "fail": true,
              "pending": false,
              "context": null,
              "code": "assert.deepStrictEqual(valuesForKey(...test.args), test.expected);",
              "err": {
                "message": "AssertionError: Expected values to be strictly deep-equal:\n+ actual - expected\n\n+ undefined\n- [\n-   [\n-     {\n-       name: 'Dragonair',\n-       num: '148'\n-     },\n-     {\n-       name: 'Dragonite',\n-       num: '149'\n-     }\n-   ],\n-   [\n-     {\n-       name: 'Dragonite',\n-       num: '149'\n-     }\n-   ]\n- ]",
                "estack": "AssertionError [ERR_ASSERTION]: Expected values to be strictly deep-equal:\n+ actual - expected\n\n+ undefined\n- [\n-   [\n-     {\n-       name: 'Dragonair',\n-       num: '148'\n-     },\n-     {\n-       name: 'Dragonite',\n-       num: '149'\n-     }\n-   ],\n-   [\n-     {\n-       name: 'Dragonite',\n-       num: '149'\n-     }\n-   ]\n- ]\n    at Context.<anonymous> (logic/values-for-key/spec.js:83:14)\n    at processImmediate (internal/timers.js:439:21)",
                "diff": null
              },
              "uuid": "10e37944-5394-4387-a716-296e53a24b8c",
              "parentUUID": "7212a0a3-c442-4b3a-8818-0b71187b688c",
              "isHook": false,
              "skipped": false
            },
            {
              "title": "valuesForKey: data/samples/4.json, \"prev_evolution\"",
              "fullTitle": "valuesForKey(pokeData, key) -> returns all unique values stored in that key:  valuesForKey: data/samples/4.json, \"prev_evolution\"",
              "timedOut": false,
              "duration": 0,
              "state": "failed",
              "speed": null,
              "pass": false,
              "fail": true,
              "pending": false,
              "context": null,
              "code": "assert.deepStrictEqual(valuesForKey(...test.args), test.expected);",
              "err": {
                "message": "AssertionError: Expected values to be strictly deep-equal:\n+ actual - expected\n\n+ undefined\n- [\n-   [\n-     {\n-       name: 'Magikarp',\n-       num: '129'\n-     }\n-   ]\n- ]",
                "estack": "AssertionError [ERR_ASSERTION]: Expected values to be strictly deep-equal:\n+ actual - expected\n\n+ undefined\n- [\n-   [\n-     {\n-       name: 'Magikarp',\n-       num: '129'\n-     }\n-   ]\n- ]\n    at Context.<anonymous> (logic/values-for-key/spec.js:83:14)\n    at processImmediate (internal/timers.js:439:21)",
                "diff": null
              },
              "uuid": "25ddec86-472e-4e4d-a5c6-cc01f196252d",
              "parentUUID": "7212a0a3-c442-4b3a-8818-0b71187b688c",
              "isHook": false,
              "skipped": false
            },
            {
              "title": "valuesForKey: data/samples/3.json, \"multipliers\"",
              "fullTitle": "valuesForKey(pokeData, key) -> returns all unique values stored in that key:  valuesForKey: data/samples/3.json, \"multipliers\"",
              "timedOut": false,
              "duration": 0,
              "state": "failed",
              "speed": null,
              "pass": false,
              "fail": true,
              "pending": false,
              "context": null,
              "code": "assert.deepStrictEqual(valuesForKey(...test.args), test.expected);",
              "err": {
                "message": "AssertionError: Expected values to be strictly deep-equal:\n+ actual - expected\n\n+ undefined\n- [\n-   null,\n-   [\n-     2.19,\n-     2.24\n-   ],\n-   [\n-     1.04,\n-     1.96\n-   ]\n- ]",
                "estack": "AssertionError [ERR_ASSERTION]: Expected values to be strictly deep-equal:\n+ actual - expected\n\n+ undefined\n- [\n-   null,\n-   [\n-     2.19,\n-     2.24\n-   ],\n-   [\n-     1.04,\n-     1.96\n-   ]\n- ]\n    at Context.<anonymous> (logic/values-for-key/spec.js:83:14)\n    at processImmediate (internal/timers.js:439:21)",
                "diff": null
              },
              "uuid": "361428fc-5be3-4735-99be-a1aee3922a29",
              "parentUUID": "7212a0a3-c442-4b3a-8818-0b71187b688c",
              "isHook": false,
              "skipped": false
            },
            {
              "title": "valuesForKey: data/samples/2.json, \"name\"",
              "fullTitle": "valuesForKey(pokeData, key) -> returns all unique values stored in that key:  valuesForKey: data/samples/2.json, \"name\"",
              "timedOut": false,
              "duration": 0,
              "state": "failed",
              "speed": null,
              "pass": false,
              "fail": true,
              "pending": false,
              "context": null,
              "code": "assert.deepStrictEqual(valuesForKey(...test.args), test.expected);",
              "err": {
                "message": "AssertionError: Expected values to be strictly deep-equal:\n+ actual - expected\n\n+ undefined\n- [\n-   'Oddish',\n-   'Gloom',\n-   'Vileplume',\n-   'Paras',\n-   'Parasect'\n- ]",
                "estack": "AssertionError [ERR_ASSERTION]: Expected values to be strictly deep-equal:\n+ actual - expected\n\n+ undefined\n- [\n-   'Oddish',\n-   'Gloom',\n-   'Vileplume',\n-   'Paras',\n-   'Parasect'\n- ]\n    at Context.<anonymous> (logic/values-for-key/spec.js:83:14)\n    at processImmediate (internal/timers.js:439:21)",
                "diff": null
              },
              "uuid": "bd1e027b-196e-41ff-a5dc-4f6a52f8dbc1",
              "parentUUID": "7212a0a3-c442-4b3a-8818-0b71187b688c",
              "isHook": false,
              "skipped": false
            }
          ],
          "suites": [],
          "passes": [],
          "failures": [
            "b98353f4-d33d-4e89-aeaa-64bafa59e471",
            "47620c22-8df9-43d2-af3b-80696bc51ae4",
            "fecff4a1-7613-4545-8c0f-ff661368653f",
            "10e37944-5394-4387-a716-296e53a24b8c",
            "25ddec86-472e-4e4d-a5c6-cc01f196252d",
            "361428fc-5be3-4735-99be-a1aee3922a29",
            "bd1e027b-196e-41ff-a5dc-4f6a52f8dbc1"
          ],
          "pending": [],
          "skipped": [],
          "duration": 0,
          "root": false,
          "rootEmpty": false,
          "_timeout": 2000
        }
      ],
      "passes": [],
      "failures": [],
      "pending": [],
      "skipped": [],
      "duration": 0,
      "root": true,
      "rootEmpty": true,
      "_timeout": 2000
    }
  ],
  "meta": {
    "mocha": {
      "version": "6.2.2"
    },
    "mochawesome": {
      "options": {
        "quiet": false,
        "reportFilename": "mochawesome",
        "saveHtml": true,
        "saveJson": true,
        "consoleReporter": "spec",
        "useInlineDiffs": false,
        "code": true
      },
      "version": "6.1.1"
    },
    "marge": {
      "options": null,
      "version": "5.1.0"
    }
  }
}